11:44:21.416 INFO - Selenium build info: version: '3.3.0', revision: 'b526bd5'
11:44:21.419 INFO - Launching a standalone Selenium Server
2017-03-16 11:44:21.457:INFO::main: Logging initialized @1015ms to org.seleniumhq.jetty9.util.log.StdErrLog
11:44:21.602 INFO - Driver provider org.openqa.selenium.ie.InternetExplorerDriver registration is skipped:
 registration capabilities Capabilities [{ensureCleanSession=true, browserName=internet explorer, version=, platform=WINDOWS}] does not match the current platform LINUX
11:44:21.602 INFO - Driver provider org.openqa.selenium.edge.EdgeDriver registration is skipped:
 registration capabilities Capabilities [{browserName=MicrosoftEdge, version=, platform=WINDOWS}] does not match the current platform LINUX
11:44:21.603 INFO - Driver class not found: com.opera.core.systems.OperaDriver
11:44:21.603 INFO - Driver provider com.opera.core.systems.OperaDriver registration is skipped:
Unable to create new instances on this machine.
11:44:21.603 INFO - Driver class not found: com.opera.core.systems.OperaDriver
11:44:21.603 INFO - Driver provider com.opera.core.systems.OperaDriver is not registered
11:44:21.604 INFO - Driver provider org.openqa.selenium.safari.SafariDriver registration is skipped:
 registration capabilities Capabilities [{browserName=safari, version=, platform=MAC}] does not match the current platform LINUX
2017-03-16 11:44:21.710:INFO:osjs.Server:main: jetty-9.2.20.v20161216
2017-03-16 11:44:21.781:INFO:osjsh.ContextHandler:main: Started o.s.j.s.ServletContextHandler@6093dd95{/,null,AVAILABLE}
2017-03-16 11:44:21.827:INFO:osjs.AbstractConnector:main: Started ServerConnector@719ffdb5{HTTP/1.1,[http/1.1]}{0.0.0.0:4444}
2017-03-16 11:44:21.848:INFO:osjs.Server:main: Started @1405ms
11:44:21.848 INFO - Selenium Server is up and running
11:44:22.860 INFO - SessionCleaner initialized with insideBrowserTimeout 0 and clientGoneTimeout 1800000 polling every 180000
11:44:22.923 INFO - Executing: [new session: Capabilities [{acceptSslCerts=true, phantomjs.binary.path=/home/alex/nightwatch-cucumber/node_modules/phantomjs-prebuilt/lib/phantom/bin/phantomjs, browserName=chrome, javascriptEnabled=true, platform=ANY}]])
11:44:22.955 INFO - Creating a new session for Capabilities [{acceptSslCerts=true, phantomjs.binary.path=/home/alex/nightwatch-cucumber/node_modules/phantomjs-prebuilt/lib/phantom/bin/phantomjs, browserName=chrome, javascriptEnabled=true, platform=ANY}]
Starting ChromeDriver 2.27.440175 (9bc1d90b8bfa4dd181fbbf769a5eb5e575574320) on port 30249
Only local connections are allowed.
11:44:25.826 INFO - Detected dialect: OSS
11:44:25.920 INFO - Done: [new session: Capabilities [{acceptSslCerts=true, phantomjs.binary.path=/home/alex/nightwatch-cucumber/node_modules/phantomjs-prebuilt/lib/phantom/bin/phantomjs, browserName=chrome, javascriptEnabled=true, platform=ANY}]]
11:44:26.001 INFO - Executing: [get: http://yahoo.com])
11:44:47.710 INFO - Done: [get: http://yahoo.com]
11:44:47.747 INFO - Executing: [find elements: By.cssSelector: body])
11:44:47.970 INFO - Done: [find elements: By.cssSelector: body]
11:44:47.985 INFO - Executing: [is displayed: 0 [[ChromeDriver: chrome on LINUX (38292eebcf869b007bf35878ab531961)] -> css selector: body]])
11:44:48.116 INFO - Done: [is displayed: 0 [[ChromeDriver: chrome on LINUX (38292eebcf869b007bf35878ab531961)] -> css selector: body]]
11:44:48.218 INFO - Executing: [get title])
11:44:48.234 INFO - Done: [get title]
11:44:48.380 INFO - Executing: [find element: By.cssSelector: input[name="p"]])
11:44:48.489 INFO - Done: [find element: By.cssSelector: input[name="p"]]
11:44:48.507 INFO - Executing: [is displayed: 1 [[ChromeDriver: chrome on LINUX (38292eebcf869b007bf35878ab531961)] -> css selector: input[name="p"]]])
11:44:48.605 INFO - Done: [is displayed: 1 [[ChromeDriver: chrome on LINUX (38292eebcf869b007bf35878ab531961)] -> css selector: input[name="p"]]]
11:44:48.704 INFO - Executing: [find element: By.cssSelector: input[name="p"]])
11:44:48.745 INFO - Done: [find element: By.cssSelector: input[name="p"]]
11:44:48.764 INFO - Executing: [send keys: 1 [[ChromeDriver: chrome on LINUX (38292eebcf869b007bf35878ab531961)] -> css selector: input[name="p"]], [n, i, g, h, t, w, a, t, c, h]])
11:44:49.060 INFO - Done: [send keys: 1 [[ChromeDriver: chrome on LINUX (38292eebcf869b007bf35878ab531961)] -> css selector: input[name="p"]], [n, i, g, h, t, w, a, t, c, h]]
11:44:49.618 INFO - Executing: [delete session: b30e7718-c509-4591-879e-16d6c7ad4114])
11:44:49.982 INFO - Done: [delete session: b30e7718-c509-4591-879e-16d6c7ad4114]
